2019-06-05T04:34:16-04:00
Files perturb/perturb-i.scrsh.png and perturb/perturb-i.match.png are identical
Files perturb/perturb-ii.scrsh.png and perturb/perturb-ii.match.png are identical
Files perturb/perturb-iii.scrsh.png and perturb/perturb-iii.match.png are identical
Files perturb/perturb-iv.scrsh.png and perturb/perturb-iv.match.png are identical
2019-06-05T04:35:42-04:00
Files perturb/perturb-i.scrsh.png and perturb/perturb-i.match.png are identical
Files perturb/perturb-ii.scrsh.png and perturb/perturb-ii.match.png are identical
Files perturb/perturb-iii.scrsh.png and perturb/perturb-iii.match.png are identical
Files perturb/perturb-iv.scrsh.png and perturb/perturb-iv.match.png are identical
2019-06-05T04:43:21-04:00
Files perturb/perturb-i.scrsh.png and perturb/perturb-i.match.png are identical
Files perturb/perturb-ii.scrsh.png and perturb/perturb-ii.match.png are identical
Files perturb/perturb-iii.scrsh.png and perturb/perturb-iii.match.png are identical
Files perturb/perturb-iv.scrsh.png and perturb/perturb-iv.match.png are identical
perturb-v.scrsh.png has no match!
2019-06-05T04:43:38-04:00
Files perturb/perturb-i.scrsh.png and perturb/perturb-i.match.png are identical
Files perturb/perturb-ii.scrsh.png and perturb/perturb-ii.match.png are identical
Files perturb/perturb-iii.scrsh.png and perturb/perturb-iii.match.png are identical
Files perturb/perturb-iv.scrsh.png and perturb/perturb-iv.match.png are identical
perturb-v.scrsh.png has no match!
