 
*** VICE Version 3.2 ***
 
Welcome to xpet, the free portable PET Emulator.
 
Current VICE team members:
Marco van den Heuvel, Fabrizio Gennari, Groepaz, Olaf Seibert, Marcus Sutton, 
Kajtar Zsolt, AreaScout, Bas Wassink, Michael C. Martin.
 
This is free software with ABSOLUTELY NO WARRANTY.
See the "About VICE" command for more info.
 
X11: GTK version compiled with: 2.24 (xf86 ext:yes cairo:yes pango:yes VTE:no hwscale:yes fullscreen:yes ui-threads:yes)
XRandR: XRandR reports current display: 1366x768@60
Loading system file `/usr/local/lib64/vice/PET/chargen'.
Loading system file `/usr/local/lib64/vice/PET/basic4'.
Loading system file `/usr/local/lib64/vice/PET/kernal4'.
PETMEM: Identified Kernal 4 ROM by checksum.
Trap 'TapeFindHeader' installed.
Trap 'TapeReceive' installed.
Trap 'TapeFindHeader' disabled.
Trap 'TapeReceive' disabled.
Loading system file `/usr/local/lib64/vice/PET/edit4g40'.
Trap 'TapeFindHeader' installed.
Trap 'TapeReceive' installed.
PETMEM: Identified 40 columns editor by checksum.
PETMEM: ROM screen width is 40.
PET: Initializing IEEE488 bus...
Loading system file `/usr/local/lib64/vice/PRINTER/mps803'.
Palette: Loading palette `/usr/local/lib64/vice/PRINTER/mps803.vpl'.
Loading system file `/usr/local/lib64/vice/PRINTER/nl10-cbm'.
Palette: Loading palette `/usr/local/lib64/vice/PRINTER/nl10.vpl'.
NL10: Printer driver initialized.
Palette: Loading palette `/usr/local/lib64/vice/PRINTER/1520.vpl'.
openGL: GLX_SGI_video_sync extension is supported
Palette: Loading palette `/mnt/that/home/chitselb/.vixxyzzy/PET/chitselb.vpl'.
Palette: Loading palette `/mnt/that/home/chitselb/.vixxyzzy/PET/chitselb.vpl'.
Loading system file `/usr/local/lib64/vice/DRIVES/dos2031'.
Loading system file `/usr/local/lib64/vice/DRIVES/dos2040'.
Loading system file `/usr/local/lib64/vice/DRIVES/dos3040'.
Loading system file `/usr/local/lib64/vice/DRIVES/dos4040'.
Loading system file `/usr/local/lib64/vice/DRIVES/dos1001'.
Drive: Finished loading ROM images.
Sound: Available sound devices: uss dummy fs dump wav voc iff aiff soundmovie
Detecting PCI CatWeasel boards.
No PCI CatWeasel found.
Detecting Linux ParSIDs.
Could not open /dev/parport0.
Could not open /dev/parport1.
Could not open /dev/parport2.
No Linux ParSIDs found.
Detecting direct I/O ParSIDs.
Could not open '/dev/port'.
Could not get permission to access 3BC.
Could not open '/dev/port'.
Could not get permission to access 378.
Could not open '/dev/port'.
Could not get permission to access 278.
Detecting direct I/O ISA SSI2001.
Could not open '/dev/port'.
Cannot get permission to access $280.
Joystick: Linux joystick interface initialization...
Joystick: /dev/input/js0 is ST LIS3LV02DL Accelerometer
Joystick: Built in driver version: 2.1.0
Joystick: Kernel driver version  : 2.1.0
Joystick: Warning - Cannot open joystick device `/dev/input/js1'.
Joystick: Warning - Cannot open joystick device `/dev/input/js2'.
Joystick: Warning - Cannot open joystick device `/dev/input/js3'.
Joystick: Warning - Cannot open joystick device `/dev/input/js4'.
Joystick: Warning - Cannot open joystick device `/dev/input/js5'.
XRandR: enabling XRandR
Keyboard: Loading keymap `/home/chitselb/.vice/PET/x11_chitselb.vkm'.
AUTOSTART: Autodetecting image type of `pettil.prg'.
Filesystem Image Probe: Error - Import GCR: Unknown GCR image version 48.
Filesystem Image: Unknown disk image `pettil.prg'.
Tape: Error - Cannot open file `pettil.prg'
AUTOSTART: Loading PRG file `pettil.prg' with autostart disk image.
D64 disk image recognised: /home/chitselb/.vice/autostart-PET.d64, 35 tracks.
Unit 100: D64 disk image attached: /home/chitselb/.vice/autostart-PET.d64.
Unit 100: D64 disk image detached: /home/chitselb/.vice/autostart-PET.d64.
D64 disk image recognised: /home/chitselb/.vice/autostart-PET.d64, 35 tracks.
Unit 8: D64 disk image attached: /home/chitselb/.vice/autostart-PET.d64.
Unit 8: D64 disk image attached: /home/chitselb/.vice/autostart-PET.d64.
AUTOSTART: Resetting the machine to autostart '*'
AUTOSTART: `pettil.prg' recognized as program/p00 file.
Tape: Error - Cannot open file `../tapes/j.tap'
Error - Cannot attach tape image `../tapes/j.tap'.
Main CPU: starting at ($FFFC).
Main CPU: RESET.
Palette: Loading palette `/mnt/that/home/chitselb/.vixxyzzy/PET/chitselb.vpl'.
PET: cycles per frame set to 17913, refresh to 55.825Hz
PET: cycles per frame set to 17920, refresh to 55.803Hz
AUTOSTART: Loading program '*'
AUTOSTART: Starting program.
AUTOSTART: Done.
XRandR: disabling XRandR
Error - console_open: stdout is not a tty.
Error - monitor_open: could not open monitor console.
XRandR: enabling XRandR
XRandR: disabling XRandR
Error - console_open: stdout is not a tty.
Error - monitor_open: could not open monitor console.
XRandR: enabling XRandR
XRandR: disabling XRandR
Error - console_open: stdout is not a tty.
Error - monitor_open: could not open monitor console.
XRandR: enabling XRandR
XRandR: disabling XRandR

Exiting...
Unit 8: D64 disk image detached: /home/chitselb/.vice/autostart-PET.d64.
Unit 8: D64 disk image detached: /home/chitselb/.vice/autostart-PET.d64.
Unit 8: D64 disk image detached: /home/chitselb/.vice/autostart-PET.d64.
